[debug] [2024-02-23T05:31:57.919Z] ----------------------------------------------------------------------
[debug] [2024-02-23T05:31:57.922Z] Command:       C:\Program Files\nodejs\node.exe C:\Users\Natku\AppData\Roaming\npm\node_modules\firebase-tools\lib\bin\firebase.js init
[debug] [2024-02-23T05:31:57.923Z] CLI Version:   13.0.3
[debug] [2024-02-23T05:31:57.923Z] Platform:      win32
[debug] [2024-02-23T05:31:57.923Z] Node Version:  v18.16.0
[debug] [2024-02-23T05:31:57.929Z] Time:          Fri Feb 23 2024 12:31:57 GMT+0700 (เวลาอินโดจีน)
[debug] [2024-02-23T05:31:57.930Z] ----------------------------------------------------------------------
[debug] 
[debug] [2024-02-23T05:31:57.934Z] >>> [apiv2][query] GET https://firebase-public.firebaseio.com/cli.json [none]
[debug] [2024-02-23T05:31:57.998Z] > command requires scopes: ["email","openid","https://www.googleapis.com/auth/cloudplatformprojects.readonly","https://www.googleapis.com/auth/firebase","https://www.googleapis.com/auth/cloud-platform"]
[debug] [2024-02-23T05:31:57.999Z] > authorizing via signed-in user (s6302041620125@email.kmutnb.ac.th)
[info] 
     ######## #### ########  ######## ########     ###     ######  ########
     ##        ##  ##     ## ##       ##     ##  ##   ##  ##       ##
     ######    ##  ########  ######   ########  #########  ######  ######
     ##        ##  ##    ##  ##       ##     ## ##     ##       ## ##
     ##       #### ##     ## ######## ########  ##     ##  ######  ########

You're about to initialize a Firebase project in this directory:

  C:\Users\Natku\Final Project\web

[debug] [2024-02-23T05:31:58.918Z] <<< [apiv2][status] GET https://firebase-public.firebaseio.com/cli.json 200
[debug] [2024-02-23T05:31:58.920Z] <<< [apiv2][body] GET https://firebase-public.firebaseio.com/cli.json {"cloudBuildErrorAfter":1594252800000,"cloudBuildWarnAfter":1590019200000,"defaultNode10After":1594252800000,"minVersion":"3.0.5","node8DeploysDisabledAfter":1613390400000,"node8RuntimeDisabledAfter":1615809600000,"node8WarnAfter":1600128000000}
